<?xml version="1.0" encoding="UTF-8"?>
<robot generator="Robot 3.2.1 (Python 3.8.3 on win32)" generated="20200517 19:48:50.314" rpa="false">
<suite id="s1" name="TestSuite1" source="C:\Users\Karan Bharti\eclipse-workspace\RobotProject1\test\TestSuite1.robot">
<kw name="Log" library="BuiltIn" type="setup">
<doc>Logs the given message with the given level.</doc>
<arguments>
<arg>I am inside Test Suite Setup</arg>
</arguments>
<msg timestamp="20200517 19:48:50.626" level="INFO">I am inside Test Suite Setup</msg>
<status status="PASS" starttime="20200517 19:48:50.626" endtime="20200517 19:48:50.626"></status>
</kw>
<test id="s1-t1" name="MyFirstTestCase">
<kw name="Log" library="BuiltIn" type="setup">
<doc>Logs the given message with the given level.</doc>
<arguments>
<arg>I am inside Test Setup</arg>
</arguments>
<msg timestamp="20200517 19:48:50.628" level="INFO">I am inside Test Setup</msg>
<status status="PASS" starttime="20200517 19:48:50.628" endtime="20200517 19:48:50.628"></status>
</kw>
<kw name="Log" library="BuiltIn">
<doc>Logs the given message with the given level.</doc>
<arguments>
<arg>HELLO NINJA....</arg>
</arguments>
<msg timestamp="20200517 19:48:50.629" level="INFO">HELLO NINJA....</msg>
<status status="PASS" starttime="20200517 19:48:50.629" endtime="20200517 19:48:50.629"></status>
</kw>
<kw name="Log" library="BuiltIn" type="teardown">
<doc>Logs the given message with the given level.</doc>
<arguments>
<arg>I am inside Test Teardown</arg>
</arguments>
<msg timestamp="20200517 19:48:50.630" level="INFO">I am inside Test Teardown</msg>
<status status="PASS" starttime="20200517 19:48:50.630" endtime="20200517 19:48:50.630"></status>
</kw>
<tags>
<tag>smoke</tag>
</tags>
<status status="PASS" starttime="20200517 19:48:50.627" endtime="20200517 19:48:50.630" critical="yes"></status>
</test>
<kw name="Log" library="BuiltIn" type="teardown">
<doc>Logs the given message with the given level.</doc>
<arguments>
<arg>I am inside Test Suite Teardown Setup</arg>
</arguments>
<msg timestamp="20200517 19:48:50.632" level="INFO">I am inside Test Suite Teardown Setup</msg>
<status status="PASS" starttime="20200517 19:48:50.632" endtime="20200517 19:48:50.632"></status>
</kw>
<status status="PASS" starttime="20200517 19:48:50.317" endtime="20200517 19:48:50.632"></status>
</suite>
<statistics>
<total>
<stat pass="1" fail="0">Critical Tests</stat>
<stat pass="1" fail="0">All Tests</stat>
</total>
<tag>
<stat pass="1" fail="0">smoke</stat>
</tag>
<suite>
<stat pass="1" fail="0" id="s1" name="TestSuite1">TestSuite1</stat>
</suite>
</statistics>
<errors>
</errors>
</robot>
